<?xml version="1.0" encoding="UTF-8"?>
<testng-results ignored="0" total="1" passed="1" failed="0" skipped="0">
  <reporter-output>
  </reporter-output>
  <suite started-at="2025-12-29T19:34:48 IST" name="Master Suite" finished-at="2025-12-29T19:35:09 IST" duration-ms="21119">
    <groups>
      <group name="Master">
        <method signature="TC001_AccountResgistrationTest.verify_account_resgistration()[pri:0, instance:testCases.TC001_AccountResgistrationTest@2631f68c]" name="verify_account_resgistration" class="testCases.TC001_AccountResgistrationTest"/>
      </group> <!-- Master -->
      <group name="Regression">
        <method signature="TC001_AccountResgistrationTest.verify_account_resgistration()[pri:0, instance:testCases.TC001_AccountResgistrationTest@2631f68c]" name="verify_account_resgistration" class="testCases.TC001_AccountResgistrationTest"/>
      </group> <!-- Regression -->
    </groups>
    <test started-at="2025-12-29T19:34:48 IST" name="Test" finished-at="2025-12-29T19:35:09 IST" duration-ms="21119">
      <class name="testCases.TC001_AccountResgistrationTest">
        <test-method is-config="true" signature="setup(java.lang.String,java.lang.String)[pri:0, instance:testCases.TC001_AccountResgistrationTest@2631f68c]" started-at="2025-12-29T19:34:48 IST" name="setup" finished-at="2025-12-29T19:34:59 IST" duration-ms="10791" status="PASS">
          <params>
            <param index="0">
              <value>
                <![CDATA[Linux]]>
              </value>
            </param>
            <param index="1">
              <value>
                <![CDATA[firefox]]>
              </value>
            </param>
          </params>
          <reporter-output>
          </reporter-output>
        </test-method> <!-- setup -->
        <test-method signature="verify_account_resgistration()[pri:0, instance:testCases.TC001_AccountResgistrationTest@2631f68c]" started-at="2025-12-29T19:34:59 IST" name="verify_account_resgistration" finished-at="2025-12-29T19:35:08 IST" duration-ms="8599" status="PASS">
          <reporter-output>
          </reporter-output>
        </test-method> <!-- verify_account_resgistration -->
        <test-method is-config="true" signature="tearDown()[pri:0, instance:testCases.TC001_AccountResgistrationTest@2631f68c]" started-at="2025-12-29T19:35:08 IST" name="tearDown" finished-at="2025-12-29T19:35:09 IST" duration-ms="1564" status="PASS">
          <reporter-output>
          </reporter-output>
        </test-method> <!-- tearDown -->
      </class> <!-- testCases.TC001_AccountResgistrationTest -->
    </test> <!-- Test -->
  </suite> <!-- Master Suite -->
</testng-results>
